<?xml version="1.0" encoding="UTF-8"?>
<testsuite xmlns:xsi="http://www.w3.org/2001/XMLSchema-instance" xsi:noNamespaceSchemaLocation="https://maven.apache.org/surefire/maven-surefire-plugin/xsd/surefire-test-report.xsd" name="ua.aerobilet.test.suit.LoginTestAerobiletUa" time="26.82" tests="6" errors="0" skipped="0" failures="0">
  <properties>
[...]
</properties>
  <testcase name="loginSuccessWithEmailPass[0]" classname="ua.aerobilet.test.LoginSuccessWithEmailPass" time="9.681"/>
  <testcase name="loginSuccessWithEmailPass[1]" classname="ua.aerobilet.test.LoginSuccessWithEmailPass" time="4.099"/>
  <testcase name="loginSuccessWithEmailPass[2]" classname="ua.aerobilet.test.LoginSuccessWithEmailPass" time="5.998"/>
  <testcase name="loginUnsuccessWithWrongEmailPass[0]" classname="ua.aerobilet.test.LoginUnsuccessWithWrongEmailPass" time="5.516"/>
  <testcase name="loginUnsuccessWithWrongEmailPass[2]" classname="ua.aerobilet.test.LoginUnsuccessWithWrongEmailPass" time="4.438"/>
  <testcase name="loginUnsuccessWithWrongEmailPass[1]" classname="ua.aerobilet.test.LoginUnsuccessWithWrongEmailPass" time="5.139"/>
</testsuite>